<?xml version="1.0" encoding="UTF-8"?>
<!-- Generated by org.testng.reporters.JUnitReportReporter -->
<testsuite hostname="KYI-GONCHAR-VA.local" failures="0" tests="1" name="pgatTests.PgaTourFeed" time="1.513" errors="0" timestamp="2020-06-09T18:49:37 EEST" skipped="0">
  <testcase classname="pgatTests.PgaTourFeed" name="pgaTourFeedTest" time="1.513"/>
  <system-out/>
</testsuite> <!-- pgatTests.PgaTourFeed -->
